<?xml version="1.0" encoding="UTF-8" ?>
<testsuite failures="0" time="3.299" errors="0" skipped="0" tests="4" name="com.plec.wikipedia.test.SolrTest">
  <properties>
    <property name="java.runtime.name" value="Java(TM) SE Runtime Environment"/>
    <property name="sun.boot.library.path" value="D:\dev\jee\jdk\7u21\jre\bin"/>
    <property name="java.vm.version" value="23.21-b01"/>
    <property name="java.vm.vendor" value="Oracle Corporation"/>
    <property name="java.vendor.url" value="http://java.oracle.com/"/>
    <property name="path.separator" value=";"/>
    <property name="guice.disable.misplaced.annotation.check" value="true"/>
    <property name="java.vm.name" value="Java HotSpot(TM) 64-Bit Server VM"/>
    <property name="file.encoding.pkg" value="sun.io"/>
    <property name="user.script" value=""/>
    <property name="user.country" value="FR"/>
    <property name="sun.java.launcher" value="SUN_STANDARD"/>
    <property name="sun.os.patch.level" value="Service Pack 1"/>
    <property name="java.vm.specification.name" value="Java Virtual Machine Specification"/>
    <property name="user.dir" value="D:\dev\jee\gitrepo\wikipediaSearchDemo"/>
    <property name="java.runtime.version" value="1.7.0_21-b11"/>
    <property name="java.awt.graphicsenv" value="sun.awt.Win32GraphicsEnvironment"/>
    <property name="java.endorsed.dirs" value="D:\dev\jee\jdk\7u21\jre\lib\endorsed"/>
    <property name="os.arch" value="amd64"/>
    <property name="java.io.tmpdir" value="C:\Users\PIERRE~1.LE-\AppData\Local\Temp\"/>
    <property name="line.separator" value="
"/>
    <property name="java.vm.specification.vendor" value="Oracle Corporation"/>
    <property name="user.variant" value=""/>
    <property name="os.name" value="Windows 7"/>
    <property name="classworlds.conf" value="D:\dev\jee\gitrepo\.metadata\.plugins\org.eclipse.m2e.core\launches\m2conf8295779708378713591.tmp"/>
    <property name="sun.jnu.encoding" value="Cp1252"/>
    <property name="java.library.path" value="D:\dev\jee\jdk\7u21\bin;C:\Windows\Sun\Java\bin;C:\Windows\system32;C:\Windows;D:/dev/jee/jdk/7u21/bin/../jre/bin/server;D:/dev/jee/jdk/7u21/bin/../jre/bin;D:/dev/jee/jdk/7u21/bin/../jre/lib/amd64;C:\Ruby200-x64\bin;C:\Program Files\nodejs\;D:\dev\jee\ide\springsource\apache-maven-3.0.4\bin;D:\dev\jee\jdk\7u21\bin;C:\Windows\system32;C:\Windows;C:\Windows\System32\Wbem;C:\Windows\System32\WindowsPowerShell\v1.0\;C:\Program Files\Broadcom\Broadcom 802.11 Network Adapter\DriverC:\Program Files\nodejs\;C:\Program Files (x86)\Git\cmd;C:\Users\pierre.le-clainche\AppData\Roaming\npm;D:\dev\jee\ide\springsource\sts-3.2.0.RELEASE;;."/>
    <property name="java.specification.name" value="Java Platform API Specification"/>
    <property name="java.class.version" value="51.0"/>
    <property name="sun.management.compiler" value="HotSpot 64-Bit Tiered Compilers"/>
    <property name="os.version" value="6.1"/>
    <property name="user.home" value="C:\Users\pierre.le-clainche"/>
    <property name="user.timezone" value="Europe/Paris"/>
    <property name="java.awt.printerjob" value="sun.awt.windows.WPrinterJob"/>
    <property name="java.specification.version" value="1.7"/>
    <property name="file.encoding" value="UTF-8"/>
    <property name="user.name" value="pierre.le-clainche"/>
    <property name="java.class.path" value="D:\dev\jee\ide\springsource\apache-maven-3.0.4\boot\plexus-classworlds-2.4.jar"/>
    <property name="java.vm.specification.version" value="1.7"/>
    <property name="sun.arch.data.model" value="64"/>
    <property name="java.home" value="D:\dev\jee\jdk\7u21\jre"/>
    <property name="sun.java.command" value="org.codehaus.plexus.classworlds.launcher.Launcher -B -s C:\Users\pierre.le-clainche\.m2\settings.xml package"/>
    <property name="java.specification.vendor" value="Oracle Corporation"/>
    <property name="user.language" value="fr"/>
    <property name="awt.toolkit" value="sun.awt.windows.WToolkit"/>
    <property name="java.vm.info" value="mixed mode"/>
    <property name="java.version" value="1.7.0_21"/>
    <property name="java.ext.dirs" value="D:\dev\jee\jdk\7u21\jre\lib\ext;C:\Windows\Sun\Java\lib\ext"/>
    <property name="sun.boot.class.path" value="D:\dev\jee\jdk\7u21\jre\lib\resources.jar;D:\dev\jee\jdk\7u21\jre\lib\rt.jar;D:\dev\jee\jdk\7u21\jre\lib\sunrsasign.jar;D:\dev\jee\jdk\7u21\jre\lib\jsse.jar;D:\dev\jee\jdk\7u21\jre\lib\jce.jar;D:\dev\jee\jdk\7u21\jre\lib\charsets.jar;D:\dev\jee\jdk\7u21\jre\lib\jfr.jar;D:\dev\jee\jdk\7u21\jre\classes"/>
    <property name="java.vendor" value="Oracle Corporation"/>
    <property name="maven.home" value="D:\dev\jee\ide\springsource\apache-maven-3.0.4"/>
    <property name="file.separator" value="\"/>
    <property name="java.vendor.url.bug" value="http://bugreport.sun.com/bugreport/"/>
    <property name="sun.cpu.endian" value="little"/>
    <property name="sun.io.unicode.encoding" value="UnicodeLittle"/>
    <property name="sun.desktop" value="windows"/>
    <property name="sun.cpu.isalist" value="amd64"/>
  </properties>
  <testcase time="1.242" classname="com.plec.wikipedia.test.SolrTest" name="testSearchRome"/>
  <testcase time="0.01" classname="com.plec.wikipedia.test.SolrTest" name="testSearchAll"/>
  <testcase time="2.038" classname="com.plec.wikipedia.test.SolrTest" name="testFailedAccessSolr"/>
  <testcase time="0" classname="com.plec.wikipedia.test.SolrTest" name="testAccessSolr"/>
</testsuite>